::1 - - [31/Mar/2021:08:28:51 +0000] "GET / HTTP/1.1" 200 15 "-" "Mozilla/5.0 (Windows NT 10.0; Win64; x64) AppleWebKit/537.36 (KHTML, like Gecko) Chrome/89.0.4389.90 Safari/537.36"
::1 - - [31/Mar/2021:08:28:51 +0000] "GET /favicon.ico HTTP/1.1" 404 150 "http://localhost:8000/" "Mozilla/5.0 (Windows NT 10.0; Win64; x64) AppleWebKit/537.36 (KHTML, like Gecko) Chrome/89.0.4389.90 Safari/537.36"
::1 - - [31/Mar/2021:08:31:00 +0000] "GET /all-tasks HTTP/1.1" - - "-" "Mozilla/5.0 (Windows NT 10.0; Win64; x64) AppleWebKit/537.36 (KHTML, like Gecko) Chrome/89.0.4389.90 Safari/537.36"
::ffff:127.0.0.1 - - [31/Mar/2021:08:31:01 +0000] "GET / HTTP/1.1" 304 - "-" "Mozilla/5.0 (Windows NT 10.0; Win64; x64) AppleWebKit/537.36 (KHTML, like Gecko) Chrome/89.0.4389.90 Safari/537.36"
::1 - - [31/Mar/2021:08:32:05 +0000] "GET /all-tasks HTTP/1.1" - - "-" "Mozilla/5.0 (Windows NT 10.0; Win64; x64) AppleWebKit/537.36 (KHTML, like Gecko) Chrome/89.0.4389.90 Safari/537.36"
::ffff:127.0.0.1 - - [31/Mar/2021:08:34:10 +0000] "GET /all-tasks HTTP/1.1" - - "-" "Mozilla/5.0 (Windows NT 10.0; Win64; x64) AppleWebKit/537.36 (KHTML, like Gecko) Chrome/89.0.4389.90 Safari/537.36"
::1 - - [31/Mar/2021:08:35:51 +0000] "GET /all-tasks HTTP/1.1" 200 11 "-" "Mozilla/5.0 (Windows NT 10.0; Win64; x64) AppleWebKit/537.36 (KHTML, like Gecko) Chrome/89.0.4389.90 Safari/537.36"
::1 - - [31/Mar/2021:08:35:55 +0000] "GET /all-tasks HTTP/1.1" 304 - "-" "Mozilla/5.0 (Windows NT 10.0; Win64; x64) AppleWebKit/537.36 (KHTML, like Gecko) Chrome/89.0.4389.90 Safari/537.36"
::1 - - [31/Mar/2021:08:35:56 +0000] "GET /all-tasks HTTP/1.1" 304 - "-" "Mozilla/5.0 (Windows NT 10.0; Win64; x64) AppleWebKit/537.36 (KHTML, like Gecko) Chrome/89.0.4389.90 Safari/537.36"
::1 - - [31/Mar/2021:08:35:56 +0000] "GET /all-tasks HTTP/1.1" 304 - "-" "Mozilla/5.0 (Windows NT 10.0; Win64; x64) AppleWebKit/537.36 (KHTML, like Gecko) Chrome/89.0.4389.90 Safari/537.36"
::1 - - [31/Mar/2021:08:35:56 +0000] "GET /all-tasks HTTP/1.1" 304 - "-" "Mozilla/5.0 (Windows NT 10.0; Win64; x64) AppleWebKit/537.36 (KHTML, like Gecko) Chrome/89.0.4389.90 Safari/537.36"
::1 - - [31/Mar/2021:08:35:56 +0000] "GET /all-tasks HTTP/1.1" 304 - "-" "Mozilla/5.0 (Windows NT 10.0; Win64; x64) AppleWebKit/537.36 (KHTML, like Gecko) Chrome/89.0.4389.90 Safari/537.36"
::1 - - [31/Mar/2021:08:35:56 +0000] "GET /all-tasks HTTP/1.1" 304 - "-" "Mozilla/5.0 (Windows NT 10.0; Win64; x64) AppleWebKit/537.36 (KHTML, like Gecko) Chrome/89.0.4389.90 Safari/537.36"
::1 - - [31/Mar/2021:08:35:57 +0000] "GET /all-tasks HTTP/1.1" 304 - "-" "Mozilla/5.0 (Windows NT 10.0; Win64; x64) AppleWebKit/537.36 (KHTML, like Gecko) Chrome/89.0.4389.90 Safari/537.36"
::1 - - [31/Mar/2021:08:35:57 +0000] "GET /all-tasks HTTP/1.1" 304 - "-" "Mozilla/5.0 (Windows NT 10.0; Win64; x64) AppleWebKit/537.36 (KHTML, like Gecko) Chrome/89.0.4389.90 Safari/537.36"
::1 - - [31/Mar/2021:08:38:24 +0000] "GET /all-tasks HTTP/1.1" 200 22 "-" "Mozilla/5.0 (Windows NT 10.0; Win64; x64) AppleWebKit/537.36 (KHTML, like Gecko) Chrome/89.0.4389.90 Safari/537.36"
::1 - - [31/Mar/2021:08:38:26 +0000] "GET /all-tasks HTTP/1.1" 304 - "-" "Mozilla/5.0 (Windows NT 10.0; Win64; x64) AppleWebKit/537.36 (KHTML, like Gecko) Chrome/89.0.4389.90 Safari/537.36"
::1 - - [31/Mar/2021:08:38:27 +0000] "GET /all-tasks HTTP/1.1" 304 - "-" "Mozilla/5.0 (Windows NT 10.0; Win64; x64) AppleWebKit/537.36 (KHTML, like Gecko) Chrome/89.0.4389.90 Safari/537.36"
::1 - - [31/Mar/2021:08:39:44 +0000] "GET /all-tasks HTTP/1.1" 200 22 "-" "PostmanRuntime/7.26.10"
::1 - - [31/Mar/2021:08:40:47 +0000] "GET /all-tasks HTTP/1.1" 401 43 "-" "PostmanRuntime/7.26.10"
::1 - - [31/Mar/2021:08:41:26 +0000] "GET /all-tasks HTTP/1.1" 403 40 "-" "PostmanRuntime/7.26.10"
::1 - - [31/Mar/2021:08:41:27 +0000] "GET /all-tasks HTTP/1.1" 403 40 "-" "PostmanRuntime/7.26.10"
::1 - - [31/Mar/2021:08:41:28 +0000] "GET /all-tasks HTTP/1.1" 403 40 "-" "PostmanRuntime/7.26.10"
::1 - - [31/Mar/2021:08:41:30 +0000] "GET /all-tasks HTTP/1.1" 403 40 "-" "PostmanRuntime/7.26.10"
::1 - - [31/Mar/2021:08:41:30 +0000] "GET /all-tasks HTTP/1.1" 403 40 "-" "PostmanRuntime/7.26.10"
::1 - - [31/Mar/2021:08:41:51 +0000] "GET /all-tasks HTTP/1.1" 403 40 "-" "PostmanRuntime/7.26.10"
::1 - - [31/Mar/2021:08:42:21 +0000] "GET /all-tasks HTTP/1.1" 403 40 "-" "PostmanRuntime/7.26.10"
::1 - - [31/Mar/2021:08:44:00 +0000] "GET /all-tasks HTTP/1.1" 403 40 "-" "PostmanRuntime/7.26.10"
::1 - - [31/Mar/2021:08:44:07 +0000] "GET /all-tasks HTTP/1.1" 403 40 "-" "PostmanRuntime/7.26.10"
::1 - - [31/Mar/2021:08:45:18 +0000] "GET /all-tasks HTTP/1.1" 403 40 "-" "PostmanRuntime/7.26.10"
::1 - - [31/Mar/2021:08:46:18 +0000] "GET /all-tasks HTTP/1.1" 403 40 "-" "PostmanRuntime/7.26.10"
::1 - - [31/Mar/2021:08:47:27 +0000] "GET /all-tasks HTTP/1.1" 200 22 "-" "PostmanRuntime/7.26.10"
::1 - - [31/Mar/2021:08:48:01 +0000] "GET /all-tasks HTTP/1.1" 200 22 "-" "PostmanRuntime/7.26.10"
::1 - - [31/Mar/2021:08:48:26 +0000] "GET /all-tasks HTTP/1.1" 200 22 "-" "PostmanRuntime/7.26.10"
::1 - - [31/Mar/2021:09:59:56 +0000] "POST /add-task HTTP/1.1" - - "-" "PostmanRuntime/7.26.10"
::1 - - [31/Mar/2021:10:02:43 +0000] "GET /all-tasks HTTP/1.1" 200 22 "-" "PostmanRuntime/7.26.10"
::1 - - [31/Mar/2021:10:02:44 +0000] "GET /all-tasks HTTP/1.1" 200 22 "-" "PostmanRuntime/7.26.10"
::1 - - [31/Mar/2021:10:02:47 +0000] "GET /all-tasks HTTP/1.1" 403 40 "-" "PostmanRuntime/7.26.10"
::1 - - [31/Mar/2021:10:02:50 +0000] "GET /all-tasks HTTP/1.1" 200 22 "-" "PostmanRuntime/7.26.10"
::1 - - [31/Mar/2021:10:06:17 +0000] "GET /all-tasks HTTP/1.1" 200 12 "-" "PostmanRuntime/7.26.10"
::1 - - [31/Mar/2021:10:07:07 +0000] "GET /all-tasks HTTP/1.1" 200 12 "-" "PostmanRuntime/7.26.10"
::1 - - [31/Mar/2021:10:08:43 +0000] "GET /all-tasks HTTP/1.1" 200 12 "-" "PostmanRuntime/7.26.10"
::1 - - [31/Mar/2021:10:09:15 +0000] "GET /all-tasks HTTP/1.1" 200 74 "-" "PostmanRuntime/7.26.10"
::1 - - [31/Mar/2021:10:23:59 +0000] "GET /all-tasks HTTP/1.1" - - "-" "PostmanRuntime/7.26.10"
::1 - - [31/Mar/2021:10:25:56 +0000] "GET /all-tasks HTTP/1.1" 200 74 "-" "PostmanRuntime/7.26.10"
::1 - - [31/Mar/2021:10:27:10 +0000] "POST /add-task HTTP/1.1" 200 12 "-" "PostmanRuntime/7.26.10"
::1 - - [31/Mar/2021:10:29:17 +0000] "POST /add-task HTTP/1.1" 200 99 "-" "PostmanRuntime/7.26.10"
::1 - - [31/Mar/2021:10:30:11 +0000] "POST /add-task HTTP/1.1" 200 99 "-" "PostmanRuntime/7.26.10"
::1 - - [31/Mar/2021:10:31:29 +0000] "POST /add-task HTTP/1.1" 200 79 "-" "PostmanRuntime/7.26.10"
::1 - - [31/Mar/2021:10:31:40 +0000] "POST /add-task HTTP/1.1" 200 79 "-" "PostmanRuntime/7.26.10"
::1 - - [31/Mar/2021:10:31:51 +0000] "POST /add-task HTTP/1.1" 200 22 "-" "PostmanRuntime/7.26.10"
::1 - - [31/Mar/2021:10:31:56 +0000] "GET /all-tasks HTTP/1.1" 200 74 "-" "PostmanRuntime/7.26.10"
::1 - - [31/Mar/2021:10:32:20 +0000] "GET /all-tasks HTTP/1.1" 200 212 "-" "PostmanRuntime/7.26.10"
::1 - - [31/Mar/2021:10:33:03 +0000] "GET /all-tasks HTTP/1.1" 200 212 "-" "PostmanRuntime/7.26.10"
::1 - - [31/Mar/2021:10:33:23 +0000] "POST /add-task HTTP/1.1" 200 22 "-" "PostmanRuntime/7.26.10"
::1 - - [31/Mar/2021:10:33:48 +0000] "POST /add-task HTTP/1.1" 200 22 "-" "PostmanRuntime/7.26.10"
::1 - - [31/Mar/2021:10:35:09 +0000] "POST /add-task HTTP/1.1" 200 40 "-" "PostmanRuntime/7.26.10"
::1 - - [31/Mar/2021:10:35:15 +0000] "POST /add-task HTTP/1.1" 200 40 "-" "PostmanRuntime/7.26.10"
::1 - - [31/Mar/2021:10:35:18 +0000] "GET /all-tasks HTTP/1.1" 200 932 "-" "PostmanRuntime/7.26.10"
::1 - - [31/Mar/2021:10:36:30 +0000] "GET /all-tasks HTTP/1.1" 200 942 "-" "PostmanRuntime/7.26.10"
::1 - - [31/Mar/2021:10:36:38 +0000] "POST /add-task HTTP/1.1" 200 40 "-" "PostmanRuntime/7.26.10"
::1 - - [31/Mar/2021:10:36:54 +0000] "POST /add-task HTTP/1.1" 200 40 "-" "PostmanRuntime/7.26.10"
::1 - - [31/Mar/2021:10:36:56 +0000] "POST /add-task HTTP/1.1" 200 40 "-" "PostmanRuntime/7.26.10"
::1 - - [31/Mar/2021:10:37:02 +0000] "POST /add-task HTTP/1.1" 200 46 "-" "PostmanRuntime/7.26.10"
::1 - - [31/Mar/2021:10:37:07 +0000] "GET /all-tasks HTTP/1.1" 200 1668 "-" "PostmanRuntime/7.26.10"
::1 - - [31/Mar/2021:10:37:13 +0000] "POST /add-task HTTP/1.1" 200 46 "-" "PostmanRuntime/7.26.10"
::1 - - [31/Mar/2021:10:37:23 +0000] "GET /all-tasks HTTP/1.1" 200 1840 "-" "PostmanRuntime/7.26.10"
::1 - - [31/Mar/2021:10:40:49 +0000] "GET /all-tasks HTTP/1.1" 200 38 "-" "PostmanRuntime/7.26.10"
::1 - - [31/Mar/2021:10:41:03 +0000] "POST /add-task HTTP/1.1" 200 103 "-" "PostmanRuntime/7.26.10"
::1 - - [31/Mar/2021:10:42:08 +0000] "POST /add-task HTTP/1.1" 200 103 "-" "PostmanRuntime/7.26.10"
::1 - - [31/Mar/2021:10:42:17 +0000] "POST /add-task HTTP/1.1" 200 103 "-" "PostmanRuntime/7.26.10"
::1 - - [31/Mar/2021:10:42:20 +0000] "POST /add-task HTTP/1.1" 200 104 "-" "PostmanRuntime/7.26.10"
::1 - - [31/Mar/2021:10:42:24 +0000] "GET /all-tasks HTTP/1.1" 200 38 "-" "PostmanRuntime/7.26.10"
::1 - - [31/Mar/2021:10:42:40 +0000] "POST /add-task HTTP/1.1" 200 104 "-" "PostmanRuntime/7.26.10"
::1 - - [31/Mar/2021:10:42:44 +0000] "POST /add-task HTTP/1.1" 200 46 "-" "PostmanRuntime/7.26.10"
::1 - - [31/Mar/2021:10:42:48 +0000] "GET /all-tasks HTTP/1.1" 200 217 "-" "PostmanRuntime/7.26.10"
::1 - - [31/Mar/2021:10:46:17 +0000] "POST /add-task HTTP/1.1" 403 44 "-" "PostmanRuntime/7.26.10"
::1 - - [31/Mar/2021:10:46:21 +0000] "POST /add-task HTTP/1.1" 200 46 "-" "PostmanRuntime/7.26.10"
::1 - - [31/Mar/2021:10:47:12 +0000] "POST /add-task HTTP/1.1" 200 103 "-" "PostmanRuntime/7.26.10"
::1 - - [31/Mar/2021:10:47:29 +0000] "POST /complete-task HTTP/1.1" 200 45 "-" "PostmanRuntime/7.26.10"
::1 - - [31/Mar/2021:10:47:33 +0000] "GET /all-tasks HTTP/1.1" 200 397 "-" "PostmanRuntime/7.26.10"
::1 - - [31/Mar/2021:10:47:42 +0000] "POST /complete-task HTTP/1.1" 200 45 "-" "PostmanRuntime/7.26.10"
::1 - - [31/Mar/2021:10:47:45 +0000] "GET /all-tasks HTTP/1.1" 200 400 "-" "PostmanRuntime/7.26.10"
::1 - - [31/Mar/2021:10:48:54 +0000] "POST /complete-task HTTP/1.1" 500 1259 "-" "PostmanRuntime/7.26.10"
::1 - - [31/Mar/2021:10:49:08 +0000] "POST /complete-task HTTP/1.1" 404 153 "-" "PostmanRuntime/7.26.10"
::1 - - [31/Mar/2021:10:49:13 +0000] "POST /complete-task HTTP/1.1" 404 153 "-" "PostmanRuntime/7.26.10"
::1 - - [31/Mar/2021:10:49:46 +0000] "POST /complete-task HTTP/1.1" 404 153 "-" "PostmanRuntime/7.26.10"
::1 - - [31/Mar/2021:10:50:04 +0000] "POST /update-task HTTP/1.1" 200 77 "-" "PostmanRuntime/7.26.10"
::1 - - [31/Mar/2021:10:50:33 +0000] "POST /update-task HTTP/1.1" 200 91 "-" "PostmanRuntime/7.26.10"
::1 - - [31/Mar/2021:10:51:16 +0000] "POST /update-task HTTP/1.1" 200 45 "-" "PostmanRuntime/7.26.10"
::1 - - [31/Mar/2021:10:51:20 +0000] "GET /all-tasks HTTP/1.1" 200 400 "-" "PostmanRuntime/7.26.10"
::1 - - [31/Mar/2021:10:51:34 +0000] "POST /add-task HTTP/1.1" 200 46 "-" "PostmanRuntime/7.26.10"
::1 - - [31/Mar/2021:10:51:44 +0000] "GET /all-tasks HTTP/1.1" 200 582 "-" "PostmanRuntime/7.26.10"
::1 - - [31/Mar/2021:10:51:53 +0000] "POST /update-task HTTP/1.1" 200 45 "-" "PostmanRuntime/7.26.10"
::1 - - [31/Mar/2021:10:51:56 +0000] "GET /all-tasks HTTP/1.1" 200 585 "-" "PostmanRuntime/7.26.10"
::1 - - [31/Mar/2021:10:52:15 +0000] "POST /update-task HTTP/1.1" 200 45 "-" "PostmanRuntime/7.26.10"
::1 - - [31/Mar/2021:10:52:16 +0000] "GET /all-tasks HTTP/1.1" 200 583 "-" "PostmanRuntime/7.26.10"
::1 - - [31/Mar/2021:10:53:51 +0000] "GET /all-tasks HTTP/1.1" 200 583 "-" "PostmanRuntime/7.26.10"
::1 - - [31/Mar/2021:10:54:30 +0000] "GET /all-tasks HTTP/1.1" 200 583 "-" "PostmanRuntime/7.26.10"
::1 - - [31/Mar/2021:10:55:03 +0000] "GET /all-tasks HTTP/1.1" 200 73 "-" "PostmanRuntime/7.26.10"
::1 - - [31/Mar/2021:10:55:22 +0000] "GET /all-tasks HTTP/1.1" 200 400 "-" "PostmanRuntime/7.26.10"
::1 - - [31/Mar/2021:11:05:11 +0000] "POST /update-task HTTP/1.1" 200 85 "-" "PostmanRuntime/7.26.10"
::1 - - [31/Mar/2021:11:05:25 +0000] "POST /update-task HTTP/1.1" 200 45 "-" "PostmanRuntime/7.26.10"
::1 - - [31/Mar/2021:11:05:32 +0000] "GET /all-tasks HTTP/1.1" 200 400 "-" "PostmanRuntime/7.26.10"
::1 - - [31/Mar/2021:11:09:09 +0000] "POST /update-task HTTP/1.1" 200 45 "-" "PostmanRuntime/7.26.10"
::1 - - [31/Mar/2021:11:09:15 +0000] "GET /all-tasks HTTP/1.1" 200 400 "-" "PostmanRuntime/7.26.10"
::1 - - [31/Mar/2021:11:09:54 +0000] "POST /update-task HTTP/1.1" 200 45 "-" "PostmanRuntime/7.26.10"
::1 - - [31/Mar/2021:11:10:09 +0000] "POST /update-task HTTP/1.1" 200 45 "-" "PostmanRuntime/7.26.10"
::1 - - [31/Mar/2021:11:10:20 +0000] "POST /update-task HTTP/1.1" 200 45 "-" "PostmanRuntime/7.26.10"
::1 - - [31/Mar/2021:11:10:35 +0000] "GET /all-tasks HTTP/1.1" 200 585 "-" "PostmanRuntime/7.26.10"
::1 - - [31/Mar/2021:11:11:29 +0000] "GET /all-tasks HTTP/1.1" 200 585 "-" "PostmanRuntime/7.26.10"
::1 - - [31/Mar/2021:11:11:39 +0000] "POST /update-task HTTP/1.1" 200 105 "-" "PostmanRuntime/7.26.10"
::1 - - [31/Mar/2021:11:12:09 +0000] "POST /update-task HTTP/1.1" 200 45 "-" "PostmanRuntime/7.26.10"
::1 - - [31/Mar/2021:11:12:12 +0000] "GET /all-tasks HTTP/1.1" 200 582 "-" "PostmanRuntime/7.26.10"
::1 - - [31/Mar/2021:11:12:19 +0000] "POST /update-task HTTP/1.1" 200 45 "-" "PostmanRuntime/7.26.10"
::1 - - [31/Mar/2021:11:12:22 +0000] "GET /all-tasks HTTP/1.1" 200 400 "-" "PostmanRuntime/7.26.10"
::1 - - [31/Mar/2021:11:12:35 +0000] "POST /update-task HTTP/1.1" 200 45 "-" "PostmanRuntime/7.26.10"
::1 - - [31/Mar/2021:11:12:38 +0000] "GET /all-tasks HTTP/1.1" 200 585 "-" "PostmanRuntime/7.26.10"
::1 - - [31/Mar/2021:11:12:45 +0000] "POST /update-task HTTP/1.1" 200 105 "-" "PostmanRuntime/7.26.10"
::1 - - [31/Mar/2021:12:08:46 +0000] "POST /update-task HTTP/1.1" 200 105 "-" "PostmanRuntime/7.26.10"
::1 - - [31/Mar/2021:12:08:56 +0000] "POST /update-task HTTP/1.1" 200 114 "-" "PostmanRuntime/7.26.10"
::1 - - [31/Mar/2021:12:09:21 +0000] "POST /update-task HTTP/1.1" 200 45 "-" "PostmanRuntime/7.26.10"
::1 - - [31/Mar/2021:12:09:26 +0000] "GET /all-tasks HTTP/1.1" 200 595 "-" "PostmanRuntime/7.26.10"
::1 - - [31/Mar/2021:12:09:50 +0000] "POST /update-task HTTP/1.1" 200 45 "-" "PostmanRuntime/7.26.10"
::1 - - [31/Mar/2021:12:09:52 +0000] "GET /all-tasks HTTP/1.1" 200 396 "-" "PostmanRuntime/7.26.10"
::1 - - [31/Mar/2021:12:10:07 +0000] "POST /update-task HTTP/1.1" 200 45 "-" "PostmanRuntime/7.26.10"
::1 - - [31/Mar/2021:12:10:09 +0000] "GET /all-tasks HTTP/1.1" 200 598 "-" "PostmanRuntime/7.26.10"
::1 - - [31/Mar/2021:12:11:00 +0000] "POST /update-task HTTP/1.1" 200 45 "-" "PostmanRuntime/7.26.10"
::1 - - [31/Mar/2021:12:11:00 +0000] "POST /update-task HTTP/1.1" 200 45 "-" "PostmanRuntime/7.26.10"
::1 - - [31/Mar/2021:12:11:02 +0000] "GET /all-tasks HTTP/1.1" 200 598 "-" "PostmanRuntime/7.26.10"
::1 - - [31/Mar/2021:12:11:26 +0000] "POST /add-task HTTP/1.1" 200 46 "-" "PostmanRuntime/7.26.10"
::1 - - [31/Mar/2021:12:11:28 +0000] "GET /all-tasks HTTP/1.1" 200 778 "-" "PostmanRuntime/7.26.10"
::1 - - [31/Mar/2021:12:11:40 +0000] "POST /update-task HTTP/1.1" 200 45 "-" "PostmanRuntime/7.26.10"
::1 - - [31/Mar/2021:12:11:42 +0000] "GET /all-tasks HTTP/1.1" 200 800 "-" "PostmanRuntime/7.26.10"
::1 - - [31/Mar/2021:12:16:50 +0000] "GET /user-task?id=1 HTTP/1.1" 200 38 "-" "PostmanRuntime/7.26.10"
::1 - - [31/Mar/2021:12:17:02 +0000] "GET /user-task?id=37 HTTP/1.1" 200 239 "-" "PostmanRuntime/7.26.10"
::1 - - [31/Mar/2021:12:18:52 +0000] "POST /update-task HTTP/1.1" 200 45 "-" "PostmanRuntime/7.26.10"
::1 - - [31/Mar/2021:12:18:54 +0000] "POST /add-task HTTP/1.1" 200 46 "-" "PostmanRuntime/7.26.10"
::1 - - [31/Mar/2021:12:18:57 +0000] "GET /user-task?id=37 HTTP/1.1" 200 239 "-" "PostmanRuntime/7.26.10"
::1 - - [31/Mar/2021:12:19:00 +0000] "GET /all-tasks HTTP/1.1" 200 980 "-" "PostmanRuntime/7.26.10"
::1 - - [31/Mar/2021:12:20:46 +0000] "POST /filter-task HTTP/1.1" 200 38 "-" "PostmanRuntime/7.26.10"
::1 - - [31/Mar/2021:12:20:55 +0000] "POST /filter-task HTTP/1.1" 200 90 "-" "PostmanRuntime/7.26.10"
::1 - - [31/Mar/2021:12:21:03 +0000] "POST /filter-task HTTP/1.1" 200 980 "-" "PostmanRuntime/7.26.10"
::1 - - [31/Mar/2021:12:22:36 +0000] "POST /update-task HTTP/1.1" 200 45 "-" "PostmanRuntime/7.26.10"
::1 - - [31/Mar/2021:12:22:45 +0000] "POST /update-task HTTP/1.1" 200 105 "-" "PostmanRuntime/7.26.10"
::1 - - [31/Mar/2021:12:22:53 +0000] "POST /update-task HTTP/1.1" 200 45 "-" "PostmanRuntime/7.26.10"
::1 - - [31/Mar/2021:12:23:01 +0000] "POST /update-task HTTP/1.1" 200 45 "-" "PostmanRuntime/7.26.10"
::1 - - [31/Mar/2021:12:23:04 +0000] "POST /update-task HTTP/1.1" 200 45 "-" "PostmanRuntime/7.26.10"
::1 - - [31/Mar/2021:12:23:06 +0000] "POST /update-task HTTP/1.1" 200 45 "-" "PostmanRuntime/7.26.10"
::1 - - [31/Mar/2021:12:23:21 +0000] "POST /update-task HTTP/1.1" 200 45 "-" "PostmanRuntime/7.26.10"
::1 - - [31/Mar/2021:12:23:21 +0000] "POST /update-task HTTP/1.1" 200 45 "-" "PostmanRuntime/7.26.10"
::1 - - [31/Mar/2021:12:23:22 +0000] "POST /update-task HTTP/1.1" 200 45 "-" "PostmanRuntime/7.26.10"
::1 - - [31/Mar/2021:12:23:38 +0000] "POST /update-task HTTP/1.1" 200 45 "-" "PostmanRuntime/7.26.10"
::1 - - [31/Mar/2021:12:23:43 +0000] "GET /all-tasks HTTP/1.1" 200 778 "-" "PostmanRuntime/7.26.10"
::1 - - [31/Mar/2021:12:23:49 +0000] "GET /user-task?id=37 HTTP/1.1" 200 237 "-" "PostmanRuntime/7.26.10"
::1 - - [31/Mar/2021:12:25:26 +0000] "POST /filter-task HTTP/1.1" 200 778 "-" "PostmanRuntime/7.26.10"
::1 - - [31/Mar/2021:12:25:37 +0000] "POST /filter-task HTTP/1.1" 200 38 "-" "PostmanRuntime/7.26.10"
::1 - - [31/Mar/2021:12:25:53 +0000] "POST /filter-task HTTP/1.1" 200 38 "-" "PostmanRuntime/7.26.10"
::1 - - [31/Mar/2021:12:27:10 +0000] "POST /filter-task HTTP/1.1" 200 778 "-" "PostmanRuntime/7.26.10"
::1 - - [31/Mar/2021:12:27:15 +0000] "POST /filter-task HTTP/1.1" 200 38 "-" "PostmanRuntime/7.26.10"
::1 - - [31/Mar/2021:12:27:18 +0000] "POST /filter-task HTTP/1.1" 200 778 "-" "PostmanRuntime/7.26.10"
::1 - - [31/Mar/2021:12:27:27 +0000] "GET /all-tasks HTTP/1.1" 200 778 "-" "PostmanRuntime/7.26.10"
::1 - - [31/Mar/2021:12:27:32 +0000] "GET /user-task?id=37 HTTP/1.1" 200 237 "-" "PostmanRuntime/7.26.10"
::1 - - [31/Mar/2021:12:27:44 +0000] "POST /add-task HTTP/1.1" 200 46 "-" "PostmanRuntime/7.26.10"
::1 - - [31/Mar/2021:12:27:48 +0000] "GET /all-tasks HTTP/1.1" 200 958 "-" "PostmanRuntime/7.26.10"
::1 - - [31/Mar/2021:12:27:54 +0000] "GET /user-task?id=39 HTTP/1.1" 200 217 "-" "PostmanRuntime/7.26.10"
::1 - - [31/Mar/2021:12:28:06 +0000] "POST /update-task HTTP/1.1" 200 45 "-" "PostmanRuntime/7.26.10"
::1 - - [31/Mar/2021:12:28:07 +0000] "POST /update-task HTTP/1.1" 200 45 "-" "PostmanRuntime/7.26.10"
::1 - - [31/Mar/2021:12:28:09 +0000] "GET /user-task?id=39 HTTP/1.1" 200 236 "-" "PostmanRuntime/7.26.10"
::1 - - [31/Mar/2021:12:28:25 +0000] "POST /update-task HTTP/1.1" 200 45 "-" "PostmanRuntime/7.26.10"
::1 - - [31/Mar/2021:12:28:29 +0000] "GET /user-task?id=39 HTTP/1.1" 200 239 "-" "PostmanRuntime/7.26.10"
::1 - - [31/Mar/2021:12:28:33 +0000] "GET /all-tasks HTTP/1.1" 200 980 "-" "PostmanRuntime/7.26.10"
::1 - - [31/Mar/2021:12:28:47 +0000] "POST /update-task HTTP/1.1" 200 105 "-" "PostmanRuntime/7.26.10"
::1 - - [31/Mar/2021:12:29:00 +0000] "POST /update-task HTTP/1.1" 200 45 "-" "PostmanRuntime/7.26.10"
::1 - - [31/Mar/2021:12:29:09 +0000] "POST /add-task HTTP/1.1" 200 46 "-" "PostmanRuntime/7.26.10"
::1 - - [31/Mar/2021:12:29:12 +0000] "GET /user-task?id=39 HTTP/1.1" 200 236 "-" "PostmanRuntime/7.26.10"
::1 - - [31/Mar/2021:12:29:19 +0000] "POST /update-task HTTP/1.1" 200 45 "-" "PostmanRuntime/7.26.10"
::1 - - [31/Mar/2021:12:29:44 +0000] "POST /filter-task HTTP/1.1" 200 1157 "-" "PostmanRuntime/7.26.10"
